
> ashram-website@0.1.0 build
> next build

   ▲ Next.js 16.0.1 (Turbopack)

   Creating an optimized production build ...
 ✓ Compiled successfully in 17.9s
   Running TypeScript ...
   Collecting page data ...
   Generating static pages (0/9) ...
   Generating static pages (2/9) 
   Generating static pages (4/9) 
   Generating static pages (6/9) 
 ✓ Generating static pages (9/9) in 1826.5ms
   Finalizing page optimization ...

Route (app)
┌ ○ /
├ ○ /_not-found
├ ○ /about
├ ○ /contact
├ ○ /events
├ ○ /teachings
└ ○ /videos


○  (Static)  prerendered as static content

